INFO  Validating config
INFO  Start processing
INFO  ---- START COPYING TAG CLOUD FILES ----
INFO  ---- END COPYING TAG CLOUD FILES ----
INFO  Hexo is running at http://localhost:4000 . Press Ctrl+C to stop.
INFO  See you again
INFO  Validating config
INFO  Start processing
INFO  ---- START COPYING TAG CLOUD FILES ----
INFO  ---- END COPYING TAG CLOUD FILES ----
INFO  Hexo is running at http://localhost:4000 . Press Ctrl+C to stop.
INFO  Validating config
INFO  Start processing
INFO  ---- START COPYING TAG CLOUD FILES ----
INFO  ---- END COPYING TAG CLOUD FILES ----
INFO  Hexo is running at http://localhost:4000 . Press Ctrl+C to stop.
(node:32056) [DEP0066] DeprecationWarning: OutgoingMessage.prototype._headers is deprecated
TypeError: next is not a function
    at /home/dpl/apps/it-space/PelyDeng.github.io/node_modules/hexo-admin/api.js:318:25
    at /home/dpl/apps/it-space/PelyDeng.github.io/node_modules/hexo-admin/api.js:141:7
    at call (/home/dpl/apps/it-space/PelyDeng.github.io/node_modules/connect/index.js:239:7)
    at next (/home/dpl/apps/it-space/PelyDeng.github.io/node_modules/connect/index.js:183:5)
    at next (/home/dpl/apps/it-space/PelyDeng.github.io/node_modules/connect/index.js:161:14)
    at next (/home/dpl/apps/it-space/PelyDeng.github.io/node_modules/connect/index.js:161:14)
    at next (/home/dpl/apps/it-space/PelyDeng.github.io/node_modules/connect/index.js:161:14)
    at next (/home/dpl/apps/it-space/PelyDeng.github.io/node_modules/connect/index.js:161:14)
    at next (/home/dpl/apps/it-space/PelyDeng.github.io/node_modules/connect/index.js:161:14)
    at next (/home/dpl/apps/it-space/PelyDeng.github.io/node_modules/connect/index.js:161:14)
    at next (/home/dpl/apps/it-space/PelyDeng.github.io/node_modules/connect/index.js:161:14)
    at next (/home/dpl/apps/it-space/PelyDeng.github.io/node_modules/connect/index.js:161:14)
    at jsonParser (/home/dpl/apps/it-space/PelyDeng.github.io/node_modules/body-parser/lib/types/json.js:110:7)
    at call (/home/dpl/apps/it-space/PelyDeng.github.io/node_modules/connect/index.js:239:7)
    at next (/home/dpl/apps/it-space/PelyDeng.github.io/node_modules/connect/index.js:183:5)
    at SendStream.error (/home/dpl/apps/it-space/PelyDeng.github.io/node_modules/serve-static/index.js:121:7)
    at SendStream.emit (events.js:209:13)
    at SendStream.error (/home/dpl/apps/it-space/PelyDeng.github.io/node_modules/send/index.js:270:17)
    at SendStream.onStatError (/home/dpl/apps/it-space/PelyDeng.github.io/node_modules/send/index.js:421:12)
    at next (/home/dpl/apps/it-space/PelyDeng.github.io/node_modules/send/index.js:735:16)
    at onstat (/home/dpl/apps/it-space/PelyDeng.github.io/node_modules/send/index.js:724:14)
    at FSReqCallback.oncomplete (fs.js:169:21)
INFO  ---- START COPYING TAG CLOUD FILES ----
INFO  ---- END COPYING TAG CLOUD FILES ----
INFO  ---- START COPYING TAG CLOUD FILES ----
INFO  ---- END COPYING TAG CLOUD FILES ----
INFO  ---- START COPYING TAG CLOUD FILES ----
INFO  ---- END COPYING TAG CLOUD FILES ----
INFO  ---- START COPYING TAG CLOUD FILES ----
INFO  ---- END COPYING TAG CLOUD FILES ----
INFO  ---- START COPYING TAG CLOUD FILES ----
INFO  ---- END COPYING TAG CLOUD FILES ----
INFO  ---- START COPYING TAG CLOUD FILES ----
INFO  ---- END COPYING TAG CLOUD FILES ----
INFO  ---- START COPYING TAG CLOUD FILES ----
INFO  ---- END COPYING TAG CLOUD FILES ----
INFO  ---- START COPYING TAG CLOUD FILES ----
INFO  ---- END COPYING TAG CLOUD FILES ----
INFO  ---- START COPYING TAG CLOUD FILES ----
INFO  ---- END COPYING TAG CLOUD FILES ----
INFO  ---- START COPYING TAG CLOUD FILES ----
INFO  ---- END COPYING TAG CLOUD FILES ----
INFO  ---- START COPYING TAG CLOUD FILES ----
INFO  ---- END COPYING TAG CLOUD FILES ----
INFO  ---- START COPYING TAG CLOUD FILES ----
INFO  ---- END COPYING TAG CLOUD FILES ----
INFO  ---- START COPYING TAG CLOUD FILES ----
INFO  ---- END COPYING TAG CLOUD FILES ----
INFO  ---- START COPYING TAG CLOUD FILES ----
INFO  ---- END COPYING TAG CLOUD FILES ----
INFO  ---- START COPYING TAG CLOUD FILES ----
INFO  ---- END COPYING TAG CLOUD FILES ----
INFO  ---- START COPYING TAG CLOUD FILES ----
INFO  ---- END COPYING TAG CLOUD FILES ----
INFO  ---- START COPYING TAG CLOUD FILES ----
INFO  ---- END COPYING TAG CLOUD FILES ----
INFO  ---- START COPYING TAG CLOUD FILES ----
INFO  ---- END COPYING TAG CLOUD FILES ----
INFO  ---- START COPYING TAG CLOUD FILES ----
INFO  ---- END COPYING TAG CLOUD FILES ----
INFO  ---- START COPYING TAG CLOUD FILES ----
INFO  ---- END COPYING TAG CLOUD FILES ----
INFO  ---- START COPYING TAG CLOUD FILES ----
INFO  ---- END COPYING TAG CLOUD FILES ----
INFO  ---- START COPYING TAG CLOUD FILES ----
INFO  ---- END COPYING TAG CLOUD FILES ----
INFO  ---- START COPYING TAG CLOUD FILES ----
INFO  ---- END COPYING TAG CLOUD FILES ----
INFO  ---- START COPYING TAG CLOUD FILES ----
INFO  ---- END COPYING TAG CLOUD FILES ----
INFO  ---- START COPYING TAG CLOUD FILES ----
INFO  ---- END COPYING TAG CLOUD FILES ----
INFO  ---- START COPYING TAG CLOUD FILES ----
INFO  ---- END COPYING TAG CLOUD FILES ----
INFO  ---- START COPYING TAG CLOUD FILES ----
INFO  ---- END COPYING TAG CLOUD FILES ----
INFO  ---- START COPYING TAG CLOUD FILES ----
INFO  ---- END COPYING TAG CLOUD FILES ----
INFO  ---- START COPYING TAG CLOUD FILES ----
INFO  ---- END COPYING TAG CLOUD FILES ----
INFO  ---- START COPYING TAG CLOUD FILES ----
INFO  ---- END COPYING TAG CLOUD FILES ----
INFO  ---- START COPYING TAG CLOUD FILES ----
INFO  ---- END COPYING TAG CLOUD FILES ----
INFO  ---- START COPYING TAG CLOUD FILES ----
INFO  ---- END COPYING TAG CLOUD FILES ----
INFO  ---- START COPYING TAG CLOUD FILES ----
INFO  ---- END COPYING TAG CLOUD FILES ----
INFO  ---- START COPYING TAG CLOUD FILES ----
INFO  ---- END COPYING TAG CLOUD FILES ----
INFO  ---- START COPYING TAG CLOUD FILES ----
INFO  ---- END COPYING TAG CLOUD FILES ----
INFO  ---- START COPYING TAG CLOUD FILES ----
INFO  ---- END COPYING TAG CLOUD FILES ----
INFO  ---- START COPYING TAG CLOUD FILES ----
INFO  ---- END COPYING TAG CLOUD FILES ----
INFO  ---- START COPYING TAG CLOUD FILES ----
INFO  ---- END COPYING TAG CLOUD FILES ----
INFO  ---- START COPYING TAG CLOUD FILES ----
INFO  ---- END COPYING TAG CLOUD FILES ----
INFO  ---- START COPYING TAG CLOUD FILES ----
INFO  ---- END COPYING TAG CLOUD FILES ----
INFO  ---- START COPYING TAG CLOUD FILES ----
INFO  ---- END COPYING TAG CLOUD FILES ----
INFO  ---- START COPYING TAG CLOUD FILES ----
INFO  ---- END COPYING TAG CLOUD FILES ----
INFO  ---- START COPYING TAG CLOUD FILES ----
INFO  ---- END COPYING TAG CLOUD FILES ----
INFO  ---- START COPYING TAG CLOUD FILES ----
INFO  ---- END COPYING TAG CLOUD FILES ----
INFO  ---- START COPYING TAG CLOUD FILES ----
INFO  ---- END COPYING TAG CLOUD FILES ----
INFO  ---- START COPYING TAG CLOUD FILES ----
INFO  ---- END COPYING TAG CLOUD FILES ----
INFO  ---- START COPYING TAG CLOUD FILES ----
INFO  ---- END COPYING TAG CLOUD FILES ----
INFO  ---- START COPYING TAG CLOUD FILES ----
INFO  ---- END COPYING TAG CLOUD FILES ----
INFO  ---- START COPYING TAG CLOUD FILES ----
INFO  ---- END COPYING TAG CLOUD FILES ----
INFO  ---- START COPYING TAG CLOUD FILES ----
INFO  ---- END COPYING TAG CLOUD FILES ----
INFO  ---- START COPYING TAG CLOUD FILES ----
INFO  ---- END COPYING TAG CLOUD FILES ----
INFO  ---- START COPYING TAG CLOUD FILES ----
INFO  ---- END COPYING TAG CLOUD FILES ----
INFO  ---- START COPYING TAG CLOUD FILES ----
INFO  ---- END COPYING TAG CLOUD FILES ----
INFO  ---- START COPYING TAG CLOUD FILES ----
INFO  ---- END COPYING TAG CLOUD FILES ----
INFO  ---- START COPYING TAG CLOUD FILES ----
INFO  ---- END COPYING TAG CLOUD FILES ----
INFO  ---- START COPYING TAG CLOUD FILES ----
INFO  ---- END COPYING TAG CLOUD FILES ----
INFO  ---- START COPYING TAG CLOUD FILES ----
INFO  ---- END COPYING TAG CLOUD FILES ----
INFO  ---- START COPYING TAG CLOUD FILES ----
INFO  ---- END COPYING TAG CLOUD FILES ----
INFO  ---- START COPYING TAG CLOUD FILES ----
INFO  ---- END COPYING TAG CLOUD FILES ----
INFO  ---- START COPYING TAG CLOUD FILES ----
INFO  ---- END COPYING TAG CLOUD FILES ----
INFO  ---- START COPYING TAG CLOUD FILES ----
INFO  ---- END COPYING TAG CLOUD FILES ----
INFO  ---- START COPYING TAG CLOUD FILES ----
INFO  ---- END COPYING TAG CLOUD FILES ----
INFO  ---- START COPYING TAG CLOUD FILES ----
INFO  ---- END COPYING TAG CLOUD FILES ----
INFO  ---- START COPYING TAG CLOUD FILES ----
INFO  ---- END COPYING TAG CLOUD FILES ----
INFO  ---- START COPYING TAG CLOUD FILES ----
INFO  ---- END COPYING TAG CLOUD FILES ----
INFO  ---- START COPYING TAG CLOUD FILES ----
INFO  ---- END COPYING TAG CLOUD FILES ----
INFO  ---- START COPYING TAG CLOUD FILES ----
INFO  ---- END COPYING TAG CLOUD FILES ----
INFO  ---- START COPYING TAG CLOUD FILES ----
INFO  ---- END COPYING TAG CLOUD FILES ----
INFO  ---- START COPYING TAG CLOUD FILES ----
INFO  ---- END COPYING TAG CLOUD FILES ----
INFO  ---- START COPYING TAG CLOUD FILES ----
INFO  ---- END COPYING TAG CLOUD FILES ----
INFO  ---- START COPYING TAG CLOUD FILES ----
INFO  ---- END COPYING TAG CLOUD FILES ----
INFO  ---- START COPYING TAG CLOUD FILES ----
INFO  ---- END COPYING TAG CLOUD FILES ----
INFO  ---- START COPYING TAG CLOUD FILES ----
INFO  ---- END COPYING TAG CLOUD FILES ----
INFO  ---- START COPYING TAG CLOUD FILES ----
INFO  ---- END COPYING TAG CLOUD FILES ----
INFO  ---- START COPYING TAG CLOUD FILES ----
INFO  ---- END COPYING TAG CLOUD FILES ----
INFO  ---- START COPYING TAG CLOUD FILES ----
INFO  ---- END COPYING TAG CLOUD FILES ----
INFO  ---- START COPYING TAG CLOUD FILES ----
INFO  ---- END COPYING TAG CLOUD FILES ----
INFO  ---- START COPYING TAG CLOUD FILES ----
INFO  ---- END COPYING TAG CLOUD FILES ----
INFO  ---- START COPYING TAG CLOUD FILES ----
INFO  ---- END COPYING TAG CLOUD FILES ----
INFO  ---- START COPYING TAG CLOUD FILES ----
INFO  ---- END COPYING TAG CLOUD FILES ----
INFO  ---- START COPYING TAG CLOUD FILES ----
INFO  ---- END COPYING TAG CLOUD FILES ----
INFO  ---- START COPYING TAG CLOUD FILES ----
INFO  ---- END COPYING TAG CLOUD FILES ----
INFO  ---- START COPYING TAG CLOUD FILES ----
INFO  ---- END COPYING TAG CLOUD FILES ----
INFO  ---- START COPYING TAG CLOUD FILES ----
INFO  ---- END COPYING TAG CLOUD FILES ----
